Info: Starting: Create block symbol file (.bsf)
Info: qsys-generate E:\Quartus\Project\Final\Final\lab7_soc.qsys --block-symbol-file --output-directory=E:\Quartus\Project\Final\Final\lab7_soc --family="Cyclone IV E" --part=EP4CE115F29C7
Progress: Loading Final/lab7_soc.qsys
Progress: Reading input file
Progress: Adding Reset_s [altera_avalon_pio 18.0]
Progress: Parameterizing module Reset_s
Progress: Adding RoomNumber [altera_avalon_pio 18.0]
Progress: Parameterizing module RoomNumber
Progress: Adding Rooms [Room 1.0]
Progress: Parameterizing module Rooms
Progress: Adding TIMER [altera_avalon_timer 18.0]
Progress: Parameterizing module TIMER
Progress: Adding clk_0 [clock_source 18.0]
Progress: Parameterizing module clk_0
Progress: Adding jtag_uart_0 [altera_avalon_jtag_uart 18.0]
Progress: Parameterizing module jtag_uart_0
Progress: Adding keycode [altera_avalon_pio 18.0]
Progress: Parameterizing module keycode
Progress: Adding keycode2 [altera_avalon_pio 18.0]
Progress: Parameterizing module keycode2
Progress: Adding nios2_gen2_0 [altera_nios2_gen2 18.0]
Progress: Parameterizing module nios2_gen2_0
Progress: Adding onchip_memory2_0 [altera_avalon_onchip_memory2 18.0]
Progress: Parameterizing module onchip_memory2_0
Progress: Adding otg_hpi_address [altera_avalon_pio 18.0]
Progress: Parameterizing module otg_hpi_address
Progress: Adding otg_hpi_cs [altera_avalon_pio 18.0]
Progress: Parameterizing module otg_hpi_cs
Progress: Adding otg_hpi_data [altera_avalon_pio 18.0]
Progress: Parameterizing module otg_hpi_data
Progress: Adding otg_hpi_r [altera_avalon_pio 18.0]
Progress: Parameterizing module otg_hpi_r
Progress: Adding otg_hpi_reset [altera_avalon_pio 18.0]
Progress: Parameterizing module otg_hpi_reset
Progress: Adding otg_hpi_w [altera_avalon_pio 18.0]
Progress: Parameterizing module otg_hpi_w
Progress: Adding sdram [altera_avalon_new_sdram_controller 18.0]
Progress: Parameterizing module sdram
Progress: Adding sdram_pll [altpll 18.0]
Progress: Parameterizing module sdram_pll
Progress: Adding sysid_qsys_0 [altera_avalon_sysid_qsys 18.0]
Progress: Parameterizing module sysid_qsys_0
Progress: Building connections
Progress: Parameterizing connections
Progress: Validating
Progress: Done reading input file
Info: lab7_soc.Reset_s: PIO inputs are not hardwired in test bench. Undefined values will be read from PIO inputs during simulation.
Warning: lab7_soc.Room: The SIM_VERILOG fileset must specify the top-level module name.
Info: lab7_soc.jtag_uart_0: JTAG UART IP input clock need to be at least double (2x) the operating frequency of JTAG TCK on board
Info: lab7_soc.otg_hpi_data: PIO inputs are not hardwired in test bench. Undefined values will be read from PIO inputs during simulation.
Info: lab7_soc.sdram: SDRAM Controller will only be supported in Quartus Prime Standard Edition in the future release.
Info: lab7_soc.sysid_qsys_0: System ID is not assigned automatically. Edit the System ID parameter to provide a unique ID
Info: lab7_soc.sysid_qsys_0: Time stamp will be automatically updated when this component is generated.
Info: qsys-generate succeeded.
Info: Finished: Create block symbol file (.bsf)
Info: 
Info: Starting: Create HDL design files for synthesis
Info: qsys-generate E:\Quartus\Project\Final\Final\lab7_soc.qsys --synthesis=VERILOG --output-directory=E:\Quartus\Project\Final\Final\lab7_soc\synthesis --family="Cyclone IV E" --part=EP4CE115F29C7
Progress: Loading Final/lab7_soc.qsys
Progress: Reading input file
Progress: Adding Reset_s [altera_avalon_pio 18.0]
Progress: Parameterizing module Reset_s
Progress: Adding RoomNumber [altera_avalon_pio 18.0]
Progress: Parameterizing module RoomNumber
Progress: Adding Rooms [Room 1.0]
Progress: Parameterizing module Rooms
Progress: Adding TIMER [altera_avalon_timer 18.0]
Progress: Parameterizing module TIMER
Progress: Adding clk_0 [clock_source 18.0]
Progress: Parameterizing module clk_0
Progress: Adding jtag_uart_0 [altera_avalon_jtag_uart 18.0]
Progress: Parameterizing module jtag_uart_0
Progress: Adding keycode [altera_avalon_pio 18.0]
Progress: Parameterizing module keycode
Progress: Adding keycode2 [altera_avalon_pio 18.0]
Progress: Parameterizing module keycode2
Progress: Adding nios2_gen2_0 [altera_nios2_gen2 18.0]
Progress: Parameterizing module nios2_gen2_0
Progress: Adding onchip_memory2_0 [altera_avalon_onchip_memory2 18.0]
Progress: Parameterizing module onchip_memory2_0
Progress: Adding otg_hpi_address [altera_avalon_pio 18.0]
Progress: Parameterizing module otg_hpi_address
Progress: Adding otg_hpi_cs [altera_avalon_pio 18.0]
Progress: Parameterizing module otg_hpi_cs
Progress: Adding otg_hpi_data [altera_avalon_pio 18.0]
Progress: Parameterizing module otg_hpi_data
Progress: Adding otg_hpi_r [altera_avalon_pio 18.0]
Progress: Parameterizing module otg_hpi_r
Progress: Adding otg_hpi_reset [altera_avalon_pio 18.0]
Progress: Parameterizing module otg_hpi_reset
Progress: Adding otg_hpi_w [altera_avalon_pio 18.0]
Progress: Parameterizing module otg_hpi_w
Progress: Adding sdram [altera_avalon_new_sdram_controller 18.0]
Progress: Parameterizing module sdram
Progress: Adding sdram_pll [altpll 18.0]
Progress: Parameterizing module sdram_pll
Progress: Adding sysid_qsys_0 [altera_avalon_sysid_qsys 18.0]
Progress: Parameterizing module sysid_qsys_0
Progress: Building connections
Progress: Parameterizing connections
Progress: Validating
Progress: Done reading input file
Info: lab7_soc.Reset_s: PIO inputs are not hardwired in test bench. Undefined values will be read from PIO inputs during simulation.
Warning: lab7_soc.Room: The SIM_VERILOG fileset must specify the top-level module name.
Info: lab7_soc.jtag_uart_0: JTAG UART IP input clock need to be at least double (2x) the operating frequency of JTAG TCK on board
Info: lab7_soc.otg_hpi_data: PIO inputs are not hardwired in test bench. Undefined values will be read from PIO inputs during simulation.
Info: lab7_soc.sdram: SDRAM Controller will only be supported in Quartus Prime Standard Edition in the future release.
Info: lab7_soc.sysid_qsys_0: System ID is not assigned automatically. Edit the System ID parameter to provide a unique ID
Info: lab7_soc.sysid_qsys_0: Time stamp will be automatically updated when this component is generated.
Info: lab7_soc: Generating lab7_soc "lab7_soc" for QUARTUS_SYNTH
Info: Inserting clock-crossing logic between cmd_demux.src6 and cmd_mux_006.sink0
Info: Inserting clock-crossing logic between cmd_demux_001.src4 and cmd_mux_006.sink1
Info: Inserting clock-crossing logic between rsp_demux_006.src0 and rsp_mux.sink6
Info: Inserting clock-crossing logic between rsp_demux_006.src1 and rsp_mux_001.sink4
Info: Reset_s: Starting RTL generation for module 'lab7_soc_Reset_s'
Info: Reset_s:   Generation command is [exec E:/quartus/quartus/bin64/perl/bin/perl.exe -I E:/quartus/quartus/bin64/perl/lib -I E:/quartus/quartus/sopc_builder/bin/europa -I E:/quartus/quartus/sopc_builder/bin/perl_lib -I E:/quartus/quartus/sopc_builder/bin -I E:/quartus/quartus/../ip/altera/sopc_builder_ip/common -I E:/quartus/quartus/../ip/altera/sopc_builder_ip/altera_avalon_pio -- E:/quartus/quartus/../ip/altera/sopc_builder_ip/altera_avalon_pio/generate_rtl.pl --name=lab7_soc_Reset_s --dir=C:/Users/Brian_Yu/AppData/Local/Temp/alt8387_1772907819143202547.dir/0002_Reset_s_gen/ --quartus_dir=E:/quartus/quartus --verilog --config=C:/Users/Brian_Yu/AppData/Local/Temp/alt8387_1772907819143202547.dir/0002_Reset_s_gen//lab7_soc_Reset_s_component_configuration.pl  --do_build_sim=0  ]
Info: Reset_s: Done RTL generation for module 'lab7_soc_Reset_s'
Info: Reset_s: "lab7_soc" instantiated altera_avalon_pio "Reset_s"
Info: RoomNumber: Starting RTL generation for module 'lab7_soc_RoomNumber'
Info: RoomNumber:   Generation command is [exec E:/quartus/quartus/bin64/perl/bin/perl.exe -I E:/quartus/quartus/bin64/perl/lib -I E:/quartus/quartus/sopc_builder/bin/europa -I E:/quartus/quartus/sopc_builder/bin/perl_lib -I E:/quartus/quartus/sopc_builder/bin -I E:/quartus/quartus/../ip/altera/sopc_builder_ip/common -I E:/quartus/quartus/../ip/altera/sopc_builder_ip/altera_avalon_pio -- E:/quartus/quartus/../ip/altera/sopc_builder_ip/altera_avalon_pio/generate_rtl.pl --name=lab7_soc_RoomNumber --dir=C:/Users/Brian_Yu/AppData/Local/Temp/alt8387_1772907819143202547.dir/0003_RoomNumber_gen/ --quartus_dir=E:/quartus/quartus --verilog --config=C:/Users/Brian_Yu/AppData/Local/Temp/alt8387_1772907819143202547.dir/0003_RoomNumber_gen//lab7_soc_RoomNumber_component_configuration.pl  --do_build_sim=0  ]
Info: RoomNumber: Done RTL generation for module 'lab7_soc_RoomNumber'
Info: RoomNumber: "lab7_soc" instantiated altera_avalon_pio "RoomNumber"
Info: Rooms: "lab7_soc" instantiated Room "Rooms"
Info: TIMER: Starting RTL generation for module 'lab7_soc_TIMER'
Info: TIMER:   Generation command is [exec E:/Quartus/quartus/bin64//perl/bin/perl.exe -I E:/Quartus/quartus/bin64//perl/lib -I E:/quartus/quartus/sopc_builder/bin/europa -I E:/quartus/quartus/sopc_builder/bin/perl_lib -I E:/quartus/quartus/sopc_builder/bin -I E:/quartus/quartus/../ip/altera/sopc_builder_ip/common -I E:/quartus/quartus/../ip/altera/sopc_builder_ip/altera_avalon_timer -- E:/quartus/quartus/../ip/altera/sopc_builder_ip/altera_avalon_timer/generate_rtl.pl --name=lab7_soc_TIMER --dir=C:/Users/Brian_Yu/AppData/Local/Temp/alt8387_1772907819143202547.dir/0005_TIMER_gen/ --quartus_dir=E:/quartus/quartus --verilog --config=C:/Users/Brian_Yu/AppData/Local/Temp/alt8387_1772907819143202547.dir/0005_TIMER_gen//lab7_soc_TIMER_component_configuration.pl  --do_build_sim=0  ]
Info: TIMER: Done RTL generation for module 'lab7_soc_TIMER'
Info: TIMER: "lab7_soc" instantiated altera_avalon_timer "TIMER"
Info: jtag_uart_0: Starting RTL generation for module 'lab7_soc_jtag_uart_0'
Info: jtag_uart_0:   Generation command is [exec E:/quartus/quartus/bin64/perl/bin/perl.exe -I E:/quartus/quartus/bin64/perl/lib -I E:/quartus/quartus/sopc_builder/bin/europa -I E:/quartus/quartus/sopc_builder/bin/perl_lib -I E:/quartus/quartus/sopc_builder/bin -I E:/quartus/quartus/../ip/altera/sopc_builder_ip/common -I E:/quartus/quartus/../ip/altera/sopc_builder_ip/altera_avalon_jtag_uart -- E:/quartus/quartus/../ip/altera/sopc_builder_ip/altera_avalon_jtag_uart/generate_rtl.pl --name=lab7_soc_jtag_uart_0 --dir=C:/Users/Brian_Yu/AppData/Local/Temp/alt8387_1772907819143202547.dir/0006_jtag_uart_0_gen/ --quartus_dir=E:/quartus/quartus --verilog --config=C:/Users/Brian_Yu/AppData/Local/Temp/alt8387_1772907819143202547.dir/0006_jtag_uart_0_gen//lab7_soc_jtag_uart_0_component_configuration.pl  --do_build_sim=0  ]
Info: jtag_uart_0: Done RTL generation for module 'lab7_soc_jtag_uart_0'
Info: jtag_uart_0: "lab7_soc" instantiated altera_avalon_jtag_uart "jtag_uart_0"
Info: nios2_gen2_0: "lab7_soc" instantiated altera_nios2_gen2 "nios2_gen2_0"
Info: onchip_memory2_0: Starting RTL generation for module 'lab7_soc_onchip_memory2_0'
Info: onchip_memory2_0:   Generation command is [exec E:/quartus/quartus/bin64/perl/bin/perl.exe -I E:/quartus/quartus/bin64/perl/lib -I E:/quartus/quartus/sopc_builder/bin/europa -I E:/quartus/quartus/sopc_builder/bin/perl_lib -I E:/quartus/quartus/sopc_builder/bin -I E:/quartus/quartus/../ip/altera/sopc_builder_ip/common -I E:/quartus/quartus/../ip/altera/sopc_builder_ip/altera_avalon_onchip_memory2 -- E:/quartus/quartus/../ip/altera/sopc_builder_ip/altera_avalon_onchip_memory2/generate_rtl.pl --name=lab7_soc_onchip_memory2_0 --dir=C:/Users/Brian_Yu/AppData/Local/Temp/alt8387_1772907819143202547.dir/0007_onchip_memory2_0_gen/ --quartus_dir=E:/quartus/quartus --verilog --config=C:/Users/Brian_Yu/AppData/Local/Temp/alt8387_1772907819143202547.dir/0007_onchip_memory2_0_gen//lab7_soc_onchip_memory2_0_component_configuration.pl  --do_build_sim=0  ]
Info: onchip_memory2_0: Done RTL generation for module 'lab7_soc_onchip_memory2_0'
Info: onchip_memory2_0: "lab7_soc" instantiated altera_avalon_onchip_memory2 "onchip_memory2_0"
Info: otg_hpi_address: Starting RTL generation for module 'lab7_soc_otg_hpi_address'
Info: otg_hpi_address:   Generation command is [exec E:/quartus/quartus/bin64/perl/bin/perl.exe -I E:/quartus/quartus/bin64/perl/lib -I E:/quartus/quartus/sopc_builder/bin/europa -I E:/quartus/quartus/sopc_builder/bin/perl_lib -I E:/quartus/quartus/sopc_builder/bin -I E:/quartus/quartus/../ip/altera/sopc_builder_ip/common -I E:/quartus/quartus/../ip/altera/sopc_builder_ip/altera_avalon_pio -- E:/quartus/quartus/../ip/altera/sopc_builder_ip/altera_avalon_pio/generate_rtl.pl --name=lab7_soc_otg_hpi_address --dir=C:/Users/Brian_Yu/AppData/Local/Temp/alt8387_1772907819143202547.dir/0008_otg_hpi_address_gen/ --quartus_dir=E:/quartus/quartus --verilog --config=C:/Users/Brian_Yu/AppData/Local/Temp/alt8387_1772907819143202547.dir/0008_otg_hpi_address_gen//lab7_soc_otg_hpi_address_component_configuration.pl  --do_build_sim=0  ]
Info: otg_hpi_address: Done RTL generation for module 'lab7_soc_otg_hpi_address'
Info: otg_hpi_address: "lab7_soc" instantiated altera_avalon_pio "otg_hpi_address"
Info: otg_hpi_cs: Starting RTL generation for module 'lab7_soc_otg_hpi_cs'
Info: otg_hpi_cs:   Generation command is [exec E:/quartus/quartus/bin64/perl/bin/perl.exe -I E:/quartus/quartus/bin64/perl/lib -I E:/quartus/quartus/sopc_builder/bin/europa -I E:/quartus/quartus/sopc_builder/bin/perl_lib -I E:/quartus/quartus/sopc_builder/bin -I E:/quartus/quartus/../ip/altera/sopc_builder_ip/common -I E:/quartus/quartus/../ip/altera/sopc_builder_ip/altera_avalon_pio -- E:/quartus/quartus/../ip/altera/sopc_builder_ip/altera_avalon_pio/generate_rtl.pl --name=lab7_soc_otg_hpi_cs --dir=C:/Users/Brian_Yu/AppData/Local/Temp/alt8387_1772907819143202547.dir/0009_otg_hpi_cs_gen/ --quartus_dir=E:/quartus/quartus --verilog --config=C:/Users/Brian_Yu/AppData/Local/Temp/alt8387_1772907819143202547.dir/0009_otg_hpi_cs_gen//lab7_soc_otg_hpi_cs_component_configuration.pl  --do_build_sim=0  ]
Info: otg_hpi_cs: Done RTL generation for module 'lab7_soc_otg_hpi_cs'
Info: otg_hpi_cs: "lab7_soc" instantiated altera_avalon_pio "otg_hpi_cs"
Info: otg_hpi_data: Starting RTL generation for module 'lab7_soc_otg_hpi_data'
Info: otg_hpi_data:   Generation command is [exec E:/quartus/quartus/bin64/perl/bin/perl.exe -I E:/quartus/quartus/bin64/perl/lib -I E:/quartus/quartus/sopc_builder/bin/europa -I E:/quartus/quartus/sopc_builder/bin/perl_lib -I E:/quartus/quartus/sopc_builder/bin -I E:/quartus/quartus/../ip/altera/sopc_builder_ip/common -I E:/quartus/quartus/../ip/altera/sopc_builder_ip/altera_avalon_pio -- E:/quartus/quartus/../ip/altera/sopc_builder_ip/altera_avalon_pio/generate_rtl.pl --name=lab7_soc_otg_hpi_data --dir=C:/Users/Brian_Yu/AppData/Local/Temp/alt8387_1772907819143202547.dir/0010_otg_hpi_data_gen/ --quartus_dir=E:/quartus/quartus --verilog --config=C:/Users/Brian_Yu/AppData/Local/Temp/alt8387_1772907819143202547.dir/0010_otg_hpi_data_gen//lab7_soc_otg_hpi_data_component_configuration.pl  --do_build_sim=0  ]
Info: otg_hpi_data: Done RTL generation for module 'lab7_soc_otg_hpi_data'
Info: otg_hpi_data: "lab7_soc" instantiated altera_avalon_pio "otg_hpi_data"
Info: sdram: Starting RTL generation for module 'lab7_soc_sdram'
Info: sdram:   Generation command is [exec E:/quartus/quartus/bin64/perl/bin/perl.exe -I E:/quartus/quartus/bin64/perl/lib -I E:/quartus/quartus/sopc_builder/bin/europa -I E:/quartus/quartus/sopc_builder/bin/perl_lib -I E:/quartus/quartus/sopc_builder/bin -I E:/quartus/quartus/../ip/altera/sopc_builder_ip/common -I E:/quartus/quartus/../ip/altera/sopc_builder_ip/altera_avalon_new_sdram_controller -- E:/quartus/quartus/../ip/altera/sopc_builder_ip/altera_avalon_new_sdram_controller/generate_rtl.pl --name=lab7_soc_sdram --dir=C:/Users/Brian_Yu/AppData/Local/Temp/alt8387_1772907819143202547.dir/0011_sdram_gen/ --quartus_dir=E:/quartus/quartus --verilog --config=C:/Users/Brian_Yu/AppData/Local/Temp/alt8387_1772907819143202547.dir/0011_sdram_gen//lab7_soc_sdram_component_configuration.pl  --do_build_sim=0  ]
Info: sdram: Done RTL generation for module 'lab7_soc_sdram'
Info: sdram: "lab7_soc" instantiated altera_avalon_new_sdram_controller "sdram"
Info: sdram_pll: "lab7_soc" instantiated altpll "sdram_pll"
Info: sysid_qsys_0: "lab7_soc" instantiated altera_avalon_sysid_qsys "sysid_qsys_0"
Info: avalon_st_adapter: Inserting error_adapter: error_adapter_0
Info: avalon_st_adapter_001: Inserting error_adapter: error_adapter_0
Info: avalon_st_adapter_002: Inserting error_adapter: error_adapter_0
Info: avalon_st_adapter_003: Inserting error_adapter: error_adapter_0
Info: avalon_st_adapter_004: Inserting error_adapter: error_adapter_0
Info: avalon_st_adapter_005: Inserting error_adapter: error_adapter_0
Info: avalon_st_adapter_006: Inserting error_adapter: error_adapter_0
Info: avalon_st_adapter_007: Inserting error_adapter: error_adapter_0
Info: avalon_st_adapter_008: Inserting error_adapter: error_adapter_0
Info: avalon_st_adapter_009: Inserting error_adapter: error_adapter_0
Info: avalon_st_adapter_010: Inserting error_adapter: error_adapter_0
Info: avalon_st_adapter_011: Inserting error_adapter: error_adapter_0
Info: avalon_st_adapter_012: Inserting error_adapter: error_adapter_0
Info: avalon_st_adapter_013: Inserting error_adapter: error_adapter_0
Info: avalon_st_adapter_014: Inserting error_adapter: error_adapter_0
Info: avalon_st_adapter_015: Inserting error_adapter: error_adapter_0
Info: avalon_st_adapter_016: Inserting error_adapter: error_adapter_0
Info: avalon_st_adapter_017: Inserting error_adapter: error_adapter_0
Info: mm_interconnect_0: "lab7_soc" instantiated altera_mm_interconnect "mm_interconnect_0"
Info: irq_mapper: "lab7_soc" instantiated altera_irq_mapper "irq_mapper"
Info: rst_controller: "lab7_soc" instantiated altera_reset_controller "rst_controller"
Info: cpu: Starting RTL generation for module 'lab7_soc_nios2_gen2_0_cpu'
Info: cpu:   Generation command is [exec E:/Quartus/quartus/bin64//eperlcmd.exe -I E:/Quartus/quartus/bin64//perl/lib -I E:/quartus/quartus/sopc_builder/bin/europa -I E:/quartus/quartus/sopc_builder/bin/perl_lib -I E:/quartus/quartus/sopc_builder/bin -I E:/quartus/quartus/../ip/altera/nios2_ip/altera_nios2_gen2/cpu_lib -I E:/quartus/quartus/../ip/altera/nios2_ip/altera_nios2_gen2/nios_lib -I E:/quartus/quartus/../ip/altera/nios2_ip/altera_nios2_gen2 -I E:/quartus/quartus/../ip/altera/nios2_ip/altera_nios2_gen2 -- E:/quartus/quartus/../ip/altera/nios2_ip/altera_nios2_gen2/generate_rtl.epl --name=lab7_soc_nios2_gen2_0_cpu --dir=C:/Users/Brian_Yu/AppData/Local/Temp/alt8387_1772907819143202547.dir/0017_cpu_gen/ --quartus_bindir=E:/Quartus/quartus/bin64/ --verilog --config=C:/Users/Brian_Yu/AppData/Local/Temp/alt8387_1772907819143202547.dir/0017_cpu_gen//lab7_soc_nios2_gen2_0_cpu_processor_configuration.pl  --do_build_sim=0  ]
Info: cpu: # 2020.05.05 17:58:12 (*) Starting Nios II generation
Info: cpu: # 2020.05.05 17:58:12 (*)   Checking for plaintext license.
Info: cpu: # 2020.05.05 17:58:14 (*)   Couldn't query license setup in Quartus directory E:/Quartus/quartus/bin64/
Info: cpu: # 2020.05.05 17:58:14 (*)   Defaulting to contents of LM_LICENSE_FILE environment variable
Info: cpu: # 2020.05.05 17:58:14 (*)   LM_LICENSE_FILE environment variable is empty
Info: cpu: # 2020.05.05 17:58:14 (*)   Plaintext license not found.
Info: cpu: # 2020.05.05 17:58:14 (*)   No license required to generate encrypted Nios II/e.
Info: cpu: # 2020.05.05 17:58:14 (*)   Elaborating CPU configuration settings
Info: cpu: # 2020.05.05 17:58:14 (*)   Creating all objects for CPU
Info: cpu: # 2020.05.05 17:58:16 (*)   Generating RTL from CPU objects
Info: cpu: # 2020.05.05 17:58:16 (*)   Creating plain-text RTL
Info: cpu: # 2020.05.05 17:58:18 (*) Done Nios II generation
Info: cpu: Done RTL generation for module 'lab7_soc_nios2_gen2_0_cpu'
Info: cpu: "nios2_gen2_0" instantiated altera_nios2_gen2_unit "cpu"
Info: nios2_gen2_0_data_master_translator: "mm_interconnect_0" instantiated altera_merlin_master_translator "nios2_gen2_0_data_master_translator"
Info: Rooms_Slave_translator: "mm_interconnect_0" instantiated altera_merlin_slave_translator "Rooms_Slave_translator"
Info: nios2_gen2_0_data_master_agent: "mm_interconnect_0" instantiated altera_merlin_master_agent "nios2_gen2_0_data_master_agent"
Info: Rooms_Slave_agent: "mm_interconnect_0" instantiated altera_merlin_slave_agent "Rooms_Slave_agent"
Info: Rooms_Slave_agent_rsp_fifo: "mm_interconnect_0" instantiated altera_avalon_sc_fifo "Rooms_Slave_agent_rsp_fifo"
Info: router: "mm_interconnect_0" instantiated altera_merlin_router "router"
Info: router_001: "mm_interconnect_0" instantiated altera_merlin_router "router_001"
Info: router_002: "mm_interconnect_0" instantiated altera_merlin_router "router_002"
Info: router_003: "mm_interconnect_0" instantiated altera_merlin_router "router_003"
Info: router_004: "mm_interconnect_0" instantiated altera_merlin_router "router_004"
Info: Rooms_Slave_burst_adapter: "mm_interconnect_0" instantiated altera_merlin_burst_adapter "Rooms_Slave_burst_adapter"
Info: cmd_demux: "mm_interconnect_0" instantiated altera_merlin_demultiplexer "cmd_demux"
Info: cmd_demux_001: "mm_interconnect_0" instantiated altera_merlin_demultiplexer "cmd_demux_001"
Info: cmd_mux: "mm_interconnect_0" instantiated altera_merlin_multiplexer "cmd_mux"
Info: cmd_mux_002: "mm_interconnect_0" instantiated altera_merlin_multiplexer "cmd_mux_002"
Info: Reusing file E:/Quartus/Project/Final/Final/lab7_soc/synthesis/submodules/altera_merlin_arbitrator.sv
Info: rsp_demux: "mm_interconnect_0" instantiated altera_merlin_demultiplexer "rsp_demux"
Info: rsp_demux_002: "mm_interconnect_0" instantiated altera_merlin_demultiplexer "rsp_demux_002"
Info: rsp_mux: "mm_interconnect_0" instantiated altera_merlin_multiplexer "rsp_mux"
Info: Reusing file E:/Quartus/Project/Final/Final/lab7_soc/synthesis/submodules/altera_merlin_arbitrator.sv
Info: rsp_mux_001: "mm_interconnect_0" instantiated altera_merlin_multiplexer "rsp_mux_001"
Info: Reusing file E:/Quartus/Project/Final/Final/lab7_soc/synthesis/submodules/altera_merlin_arbitrator.sv
Info: Rooms_Slave_rsp_width_adapter: "mm_interconnect_0" instantiated altera_merlin_width_adapter "Rooms_Slave_rsp_width_adapter"
Info: Reusing file E:/Quartus/Project/Final/Final/lab7_soc/synthesis/submodules/altera_merlin_address_alignment.sv
Info: Reusing file E:/Quartus/Project/Final/Final/lab7_soc/synthesis/submodules/altera_merlin_burst_uncompressor.sv
Info: crosser: "mm_interconnect_0" instantiated altera_avalon_st_handshake_clock_crosser "crosser"
Info: Reusing file E:/Quartus/Project/Final/Final/lab7_soc/synthesis/submodules/altera_avalon_st_pipeline_base.v
Info: avalon_st_adapter: "mm_interconnect_0" instantiated altera_avalon_st_adapter "avalon_st_adapter"
Info: avalon_st_adapter_001: "mm_interconnect_0" instantiated altera_avalon_st_adapter "avalon_st_adapter_001"
Info: error_adapter_0: "avalon_st_adapter" instantiated error_adapter "error_adapter_0"
Info: error_adapter_0: "avalon_st_adapter_001" instantiated error_adapter "error_adapter_0"
Info: lab7_soc: Done "lab7_soc" with 43 modules, 68 files
Info: qsys-generate succeeded.
Info: Finished: Create HDL design files for synthesis
